<?xml version="1.0" encoding="UTF-8"?>
<testng-results skipped="0" failed="0" ignored="0" total="1" passed="1">
  <reporter-output>
  </reporter-output>
  <suite name="Default suite" duration-ms="3985" started-at="2020-06-12T13:26:00 IST" finished-at="2020-06-12T13:26:04 IST">
    <groups>
    </groups>
    <test name="Default test" duration-ms="3985" started-at="2020-06-12T13:26:00 IST" finished-at="2020-06-12T13:26:04 IST">
      <class name="com.rest.api.Rest_Assured_Delete">
        <test-method status="PASS" signature="setup()[pri:0, instance:com.rest.api.Rest_Assured_Delete@721bf7ad]" name="setup" is-config="true" duration-ms="842" started-at="2020-06-12T13:26:00 IST" finished-at="2020-06-12T13:26:01 IST">
          <reporter-output>
          </reporter-output>
        </test-method> <!-- setup -->
        <test-method status="PASS" signature="Delete_01()[pri:0, instance:com.rest.api.Rest_Assured_Delete@721bf7ad]" name="Delete_01" duration-ms="3025" started-at="2020-06-12T13:26:01 IST" finished-at="2020-06-12T13:26:04 IST">
          <reporter-output>
          </reporter-output>
        </test-method> <!-- Delete_01 -->
      </class> <!-- com.rest.api.Rest_Assured_Delete -->
    </test> <!-- Default test -->
  </suite> <!-- Default suite -->
</testng-results>
